<?xml version="1.0" encoding="UTF-8"?>
<testng-results skipped="0" failed="0" ignored="0" total="1" passed="1">
  <reporter-output>
  </reporter-output>
  <suite name="Default suite" duration-ms="2909" started-at="2021-04-14T21:23:30 EDT" finished-at="2021-04-14T21:23:33 EDT">
    <groups>
    </groups>
    <test name="Default test" duration-ms="2909" started-at="2021-04-14T21:23:30 EDT" finished-at="2021-04-14T21:23:33 EDT">
      <class name="testCases.DELETE_A_Product">
        <test-method status="PASS" signature="delete_a_product()[pri:0, instance:testCases.DELETE_A_Product@5f282abb]" name="delete_a_product" duration-ms="2873" started-at="2021-04-14T21:23:30 EDT" finished-at="2021-04-14T21:23:33 EDT">
          <reporter-output>
          </reporter-output>
        </test-method> <!-- delete_a_product -->
      </class> <!-- testCases.DELETE_A_Product -->
    </test> <!-- Default test -->
  </suite> <!-- Default suite -->
</testng-results>
